#
# There is insufficient memory for the Java Runtime Environment to continue.
# Native memory allocation (mmap) failed to map 11534336 bytes for G1 virtual space
# Possible reasons:
#   The system is out of physical RAM or swap space
#   The process is running with CompressedOops enabled, and the Java Heap may be blocking the growth of the native heap
# Possible solutions:
#   Reduce memory load on the system
#   Increase physical memory or swap space
#   Check if swap backing store is full
#   Decrease Java heap size (-Xmx/-Xms)
#   Decrease number of Java threads
#   Decrease Java thread stack sizes (-Xss)
#   Set larger code cache with -XX:ReservedCodeCacheSize=
#   JVM is running with Unscaled Compressed Oops mode in which the Java heap is
#     placed in the first 4GB address space. The Java Heap base address is the
#     maximum limit for the native heap growth. Please use -XX:HeapBaseMinAddress
#     to set the Java Heap base and to place the Java Heap above 4GB virtual address.
# This output file may be truncated or incomplete.
#
#  Out of Memory Error (os_windows.cpp:3532), pid=3032, tid=8460
#
# JRE version: Java(TM) SE Runtime Environment (17.0.2+8) (build 17.0.2+8-LTS-86)
# Java VM: Java HotSpot(TM) 64-Bit Server VM (17.0.2+8-LTS-86, mixed mode, sharing, tiered, compressed oops, compressed class ptrs, g1 gc, windows-amd64)
# No core dump will be written. Minidumps are not enabled by default on client versions of Windows
#

---------------  S U M M A R Y ------------

Command Line: -Dapplication.home=C:\Program Files\Java\jdk-17.0.2 --add-modules=ALL-DEFAULT -Xms8m -Djdk.module.main=jdk.compiler jdk.compiler/com.sun.tools.javac.Main -d C:\Users\DELL\OneDrive\Desktop\JavaProject2022\QuanLyThuVien\build\classes -classpath C:\Users\DELL\OneDrive\Desktop\JavaProject2022\QuanLyThuVien\build\classes -sourcepath C:\Users\DELL\OneDrive\Desktop\JavaProject2022\QuanLyThuVien\src -target 1.8 -encoding UTF-8 -g -processorpath C:\Users\DELL\OneDrive\Desktop\JavaProject2022\QuanLyThuVien\build\empty -s C:\Users\DELL\OneDrive\Desktop\JavaProject2022\QuanLyThuVien\build\generated-sources\ap-source-output -source 1.8 C:\Users\DELL\OneDrive\Desktop\JavaProject2022\QuanLyThuVien\src\Form\QuanLyPhieu.java

Host: Intel(R) Core(TM) i5-8265U CPU @ 1.60GHz, 8 cores, 3G,  Windows 10 , 64 bit Build 19041 (10.0.19041.1706)
Time: Tue Jun  7 19:04:43 2022 SE Asia Standard Time elapsed time: 1.084084 seconds (0d 0h 0m 1s)

---------------  T H R E A D  ---------------

Current thread (0x000002153731ae80):  VMThread "VM Thread" [stack: 0x000000daba700000,0x000000daba800000] [id=8460]

Stack: [0x000000daba700000,0x000000daba800000]
Native frames: (J=compiled Java code, j=interpreted, Vv=VM code, C=native code)
V  [jvm.dll+0x670baa]
V  [jvm.dll+0x7cfcb4]
V  [jvm.dll+0x7d145e]
V  [jvm.dll+0x7d1ac3]
V  [jvm.dll+0x242bc5]
V  [jvm.dll+0x66dac9]
V  [jvm.dll+0x662412]
V  [jvm.dll+0x300c0b]
V  [jvm.dll+0x3081a6]
V  [jvm.dll+0x357d0e]
V  [jvm.dll+0x357f3f]
V  [jvm.dll+0x2d7ec8]
V  [jvm.dll+0x2d6194]
V  [jvm.dll+0x2d579c]
V  [jvm.dll+0x3190eb]
V  [jvm.dll+0x7d5f9b]
V  [jvm.dll+0x7d6cd4]
V  [jvm.dll+0x7d71ec]
V  [jvm.dll+0x7d75c4]
V  [jvm.dll+0x7d7690]
V  [jvm.dll+0x77ff7a]
V  [jvm.dll+0x66fa35]
C  [ucrtbase.dll+0x21bb2]
C  [KERNEL32.DLL+0x17034]
C  [ntdll.dll+0x52651]

VM_Operation (0x000000dabaffe2f0): G1CollectForAllocation, mode: safepoint, requested by thread 0x0000021552c898a0


---------------  P R O C E S S  ---------------

Threads class SMR info:
_java_thread_list=0x00000215538109d0, length=12, elements={
0x000002153724c8f0, 0x0000021537320990, 0x0000021537322720, 0x0000021552c75dc0,
0x0000021552c78790, 0x0000021552c7a060, 0x0000021552c7a920, 0x0000021552c86ad0,
0x0000021552c898a0, 0x0000021552c8a3b0, 0x0000021537309540, 0x0000021553852b90
}

Java Threads: ( => current thread )
  0x000002153724c8f0 JavaThread "main" [_thread_blocked, id=19540, stack(0x000000daba100000,0x000000daba200000)]
  0x0000021537320990 JavaThread "Reference Handler" daemon [_thread_blocked, id=12532, stack(0x000000daba800000,0x000000daba900000)]
  0x0000021537322720 JavaThread "Finalizer" daemon [_thread_blocked, id=9396, stack(0x000000daba900000,0x000000dabaa00000)]
  0x0000021552c75dc0 JavaThread "Signal Dispatcher" daemon [_thread_blocked, id=11276, stack(0x000000dabaa00000,0x000000dabab00000)]
  0x0000021552c78790 JavaThread "Attach Listener" daemon [_thread_blocked, id=19708, stack(0x000000dabab00000,0x000000dabac00000)]
  0x0000021552c7a060 JavaThread "Service Thread" daemon [_thread_blocked, id=16348, stack(0x000000dabac00000,0x000000dabad00000)]
  0x0000021552c7a920 JavaThread "Monitor Deflation Thread" daemon [_thread_blocked, id=19384, stack(0x000000dabad00000,0x000000dabae00000)]
  0x0000021552c86ad0 JavaThread "C2 CompilerThread0" daemon [_thread_blocked, id=20316, stack(0x000000dabae00000,0x000000dabaf00000)]
  0x0000021552c898a0 JavaThread "C1 CompilerThread0" daemon [_thread_blocked, id=17240, stack(0x000000dabaf00000,0x000000dabb000000)]
  0x0000021552c8a3b0 JavaThread "Sweeper thread" daemon [_thread_blocked, id=11520, stack(0x000000dabb000000,0x000000dabb100000)]
  0x0000021537309540 JavaThread "Common-Cleaner" daemon [_thread_blocked, id=12336, stack(0x000000dabb100000,0x000000dabb200000)]
  0x0000021553852b90 JavaThread "Notification Thread" daemon [_thread_blocked, id=9324, stack(0x000000dabb200000,0x000000dabb300000)]

Other Threads:
=>0x000002153731ae80 VMThread "VM Thread" [stack: 0x000000daba700000,0x000000daba800000] [id=8460]
  0x000002153728f9a0 WatcherThread [stack: 0x000000dabb300000,0x000000dabb400000] [id=2592]
  0x000002153727c1d0 GCTaskThread "GC Thread#0" [stack: 0x000000daba200000,0x000000daba300000] [id=20100]
  0x0000021553b202d0 GCTaskThread "GC Thread#1" [stack: 0x000000dabb400000,0x000000dabb500000] [id=7036]
  0x0000021553b4dec0 GCTaskThread "GC Thread#2" [stack: 0x000000dabb500000,0x000000dabb600000] [id=20132]
  0x0000021553b4e170 GCTaskThread "GC Thread#3" [stack: 0x000000dabb600000,0x000000dabb700000] [id=14328]
  0x0000021553b4e420 GCTaskThread "GC Thread#4" [stack: 0x000000dabb700000,0x000000dabb800000] [id=20304]
  0x0000021553b4e6d0 GCTaskThread "GC Thread#5" [stack: 0x000000dabb800000,0x000000dabb900000] [id=8260]
  0x0000021553c40c20 GCTaskThread "GC Thread#6" [stack: 0x000000dabb900000,0x000000dabba00000] [id=7936]
  0x000002155401e8c0 GCTaskThread "GC Thread#7" [stack: 0x000000dabba00000,0x000000dabbb00000] [id=20184]
  0x0000021537286810 ConcurrentGCThread "G1 Main Marker" [stack: 0x000000daba300000,0x000000daba400000] [id=11956]
  0x0000021537288140 ConcurrentGCThread "G1 Conc#0" [stack: 0x000000daba400000,0x000000daba500000] [id=3256]
  0x00000215372b4c00 ConcurrentGCThread "G1 Refine#0" [stack: 0x000000daba500000,0x000000daba600000] [id=17444]
  0x00000215372b5530 ConcurrentGCThread "G1 Service" [stack: 0x000000daba600000,0x000000daba700000] [id=12892]

Threads with active compile tasks:
C2 CompilerThread0     1120 1102       4       com.sun.tools.javac.util.Name$Table::equals (44 bytes)
C1 CompilerThread0     1120 1095       2       com.sun.tools.javac.jvm.ClassReader::sigToType (893 bytes)

VM state: at safepoint (normal execution)

VM Mutex/Monitor currently owned by a thread:  ([mutex/lock_event])
[0x00000215372480a0] Threads_lock - owner thread: 0x000002153731ae80
[0x0000021537247ef0] Heap_lock - owner thread: 0x0000021552c898a0

Heap address: 0x00000000c1e00000, size: 994 MB, Compressed Oops mode: 32-bit

CDS archive(s) mapped at: [0x0000000800000000-0x0000000800bc0000-0x0000000800bc0000), size 12320768, SharedBaseAddress: 0x0000000800000000, ArchiveRelocationMode: 0.
Compressed class space mapped at: 0x0000000800c00000-0x0000000840c00000, reserved size: 1073741824
Narrow klass base: 0x0000000800000000, Narrow klass shift: 0, Narrow klass range: 0x100000000

GC Precious Log:
 CPUs: 8 total, 8 available
 Memory: 3968M
 Large Page Support: Disabled
 NUMA Support: Disabled
 Compressed Oops: Enabled (32-bit)
 Heap Region Size: 1M
 Heap Min Capacity: 8M
 Heap Initial Capacity: 8M
 Heap Max Capacity: 994M
 Pre-touch: Disabled
 Parallel Workers: 8
 Concurrent Workers: 2
 Concurrent Refinement Workers: 8
 Periodic GC: Disabled

Heap:
 garbage-first heap   total 13312K, used 5528K [0x00000000c1e00000, 0x0000000100000000)
  region size 1024K, 1 young (1024K), 1 survivors (1024K)
 Metaspace       used 8405K, committed 8576K, reserved 1064960K
  class space    used 958K, committed 1024K, reserved 1048576K

Heap Regions: E=young(eden), S=young(survivor), O=old, HS=humongous(starts), HC=humongous(continues), CS=collection set, F=free, OA=open archive, CA=closed archive, TAMS=top-at-mark-start (previous, next)
|   0|0x00000000c1e00000, 0x00000000c1f00000, 0x00000000c1f00000|100%| O|  |TAMS 0x00000000c1e00000, 0x00000000c1e00000| Untracked 
|   1|0x00000000c1f00000, 0x00000000c2000000, 0x00000000c2000000|100%| O|  |TAMS 0x00000000c1f00000, 0x00000000c1f00000| Untracked 
|   2|0x00000000c2000000, 0x00000000c2100000, 0x00000000c2100000|100%| O|  |TAMS 0x00000000c2000000, 0x00000000c2000000| Untracked 
|   3|0x00000000c2100000, 0x00000000c2200000, 0x00000000c2200000|100%| O|  |TAMS 0x00000000c2100000, 0x00000000c2100000| Untracked 
|   4|0x00000000c2200000, 0x00000000c22e2600, 0x00000000c2300000| 88%| O|  |TAMS 0x00000000c2200000, 0x00000000c2200000| Untracked 
|   5|0x00000000c2300000, 0x00000000c2300000, 0x00000000c2400000|  0%| F|  |TAMS 0x00000000c2300000, 0x00000000c2300000| Untracked 
|   6|0x00000000c2400000, 0x00000000c2400000, 0x00000000c2500000|  0%| F|  |TAMS 0x00000000c2400000, 0x00000000c2400000| Untracked 
|   7|0x00000000c2500000, 0x00000000c2500000, 0x00000000c2600000|  0%| F|  |TAMS 0x00000000c2500000, 0x00000000c2500000| Untracked 
|   8|0x00000000c2600000, 0x00000000c2683a60, 0x00000000c2700000| 51%| S|CS|TAMS 0x00000000c2600000, 0x00000000c2600000| Complete 
|   9|0x00000000c2700000, 0x00000000c2700000, 0x00000000c2800000|  0%| F|  |TAMS 0x00000000c2700000, 0x00000000c2700000| Untracked 
|  10|0x00000000c2800000, 0x00000000c2800000, 0x00000000c2900000|  0%| F|  |TAMS 0x00000000c2800000, 0x00000000c2800000| Untracked 
|  11|0x00000000c2900000, 0x00000000c2900000, 0x00000000c2a00000|  0%| F|  |TAMS 0x00000000c2900000, 0x00000000c2900000| Untracked 
|  12|0x00000000c2a00000, 0x00000000c2a00000, 0x00000000c2b00000|  0%| F|  |TAMS 0x00000000c2a00000, 0x00000000c2a00000| Untracked 

Card table byte_map: [0x000002154dfe0000,0x000002154e1e0000] _byte_map_base: 0x000002154d9d1000

Marking Bits (Prev, Next): (CMBitMap*) 0x000002153727db00, (CMBitMap*) 0x000002153727db40
 Prev Bits: [0x000002154e3e0000, 0x000002154f368000)
 Next Bits: [0x000002154f370000, 0x00000215502f8000)

Polling page: 0x0000021536a30000

Metaspace:

Usage:
  Non-class:      7.27 MB used.
      Class:    958.17 KB used.
       Both:      8.21 MB used.

Virtual space:
  Non-class space:       16.00 MB reserved,       7.38 MB ( 46%) committed,  2 nodes.
      Class space:        1.00 GB reserved,       1.00 MB ( <1%) committed,  1 nodes.
             Both:        1.02 GB reserved,       8.38 MB ( <1%) committed. 

Chunk freelists:
   Non-Class:  2.27 MB
       Class:  2.94 MB
        Both:  5.21 MB

MaxMetaspaceSize: unlimited
CompressedClassSpaceSize: 1.00 GB
Initial GC threshold: 21.00 MB
Current GC threshold: 21.00 MB
CDS: on
MetaspaceReclaimPolicy: balanced
 - commit_granule_bytes: 65536.
 - commit_granule_words: 8192.
 - virtual_space_node_default_size: 1048576.
 - enlarge_chunks_in_place: 1.
 - new_chunks_are_fully_committed: 0.
 - uncommit_free_chunks: 1.
 - use_allocation_guard: 0.
 - handle_deallocations: 1.


Internal statistics:

num_allocs_failed_limit: 0.
num_arena_births: 60.
num_arena_deaths: 0.
num_vsnodes_births: 3.
num_vsnodes_deaths: 0.
num_space_committed: 134.
num_space_uncommitted: 0.
num_chunks_returned_to_freelist: 0.
num_chunks_taken_from_freelist: 349.
num_chunk_merges: 0.
num_chunk_splits: 241.
num_chunks_enlarged: 181.
num_purges: 0.
num_inconsistent_stats: 0.

CodeHeap 'non-profiled nmethods': size=120000Kb used=302Kb max_used=302Kb free=119697Kb
 bounds [0x0000021546580000, 0x00000215467f0000, 0x000002154dab0000]
CodeHeap 'profiled nmethods': size=120000Kb used=1966Kb max_used=1966Kb free=118033Kb
 bounds [0x000002153f050000, 0x000002153f2c0000, 0x0000021546580000]
CodeHeap 'non-nmethods': size=5760Kb used=1123Kb max_used=1159Kb free=4636Kb
 bounds [0x000002153eab0000, 0x000002153ed20000, 0x000002153f050000]
 total_blobs=1482 nmethods=1078 adapters=317
 compilation: enabled
              stopped_count=0, restarted_count=0
 full_count=0

Compilation events (20 events):
Event: 1.074 Thread 0x0000021552c898a0 nmethod 1088 0x000002153f237110 code [0x000002153f237320, 0x000002153f237638]
Event: 1.074 Thread 0x0000021552c898a0 1089       2       com.sun.tools.javac.code.Symtab::enterClass (71 bytes)
Event: 1.074 Thread 0x0000021552c898a0 nmethod 1089 0x000002153f237910 code [0x000002153f237b60, 0x000002153f238108]
Event: 1.074 Thread 0x0000021552c898a0 1090       2       com.sun.tools.javac.util.Names::fromUtf (11 bytes)
Event: 1.074 Thread 0x0000021552c898a0 nmethod 1090 0x000002153f238510 code [0x000002153f2386a0, 0x000002153f2387c8]
Event: 1.074 Thread 0x0000021552c898a0 1091       2       com.sun.tools.javac.code.Type::hasTag (14 bytes)
Event: 1.074 Thread 0x0000021552c898a0 nmethod 1091 0x000002153f238890 code [0x000002153f238a20, 0x000002153f238b68]
Event: 1.074 Thread 0x0000021552c898a0 1093       2       com.sun.tools.javac.jvm.PoolReader$ImmutablePoolHelper::readIfNeeded (106 bytes)
Event: 1.075 Thread 0x0000021552c86ad0 nmethod 1081 0x00000215465cac90 code [0x00000215465cae20, 0x00000215465cafd8]
Event: 1.075 Thread 0x0000021552c86ad0 1043       4       java.lang.CharacterData::of (136 bytes)
Event: 1.075 Thread 0x0000021552c898a0 nmethod 1093 0x000002153f238c10 code [0x000002153f238ea0, 0x000002153f2398c8]
Event: 1.075 Thread 0x0000021552c898a0 1096   !   2       com.sun.tools.javac.jvm.ClassReader::classSigToType (497 bytes)
Event: 1.075 Thread 0x0000021552c86ad0 nmethod 1043 0x00000215465cb210 code [0x00000215465cb380, 0x00000215465cb3f8]
Event: 1.075 Thread 0x0000021552c86ad0 1079       4       java.lang.CharacterDataLatin1::isJavaIdentifierPart (20 bytes)
Event: 1.075 Thread 0x0000021552c86ad0 nmethod 1079 0x00000215465cb510 code [0x00000215465cb680, 0x00000215465cb738]
Event: 1.075 Thread 0x0000021552c86ad0 1064       4       java.lang.String::codePointAt (50 bytes)
Event: 1.076 Thread 0x0000021552c898a0 nmethod 1096 0x000002153f23a090 code [0x000002153f23a360, 0x000002153f23b0d8]
Event: 1.076 Thread 0x0000021552c898a0 1095       2       com.sun.tools.javac.jvm.ClassReader::sigToType (893 bytes)
Event: 1.076 Thread 0x0000021552c86ad0 nmethod 1064 0x00000215465cb810 code [0x00000215465cb980, 0x00000215465cba58]
Event: 1.076 Thread 0x0000021552c86ad0 1102       4       com.sun.tools.javac.util.Name$Table::equals (44 bytes)

GC Heap History (20 events):
Event: 0.350 GC heap after
{Heap after GC invocations=1 (full 0):
 garbage-first heap   total 8192K, used 1344K [0x00000000c1e00000, 0x0000000100000000)
  region size 1024K, 1 young (1024K), 1 survivors (1024K)
 Metaspace       used 2656K, committed 2816K, reserved 1056768K
  class space    used 330K, committed 384K, reserved 1048576K
}
Event: 0.471 GC heap before
{Heap before GC invocations=1 (full 0):
 garbage-first heap   total 8192K, used 2368K [0x00000000c1e00000, 0x0000000100000000)
  region size 1024K, 2 young (2048K), 1 survivors (1024K)
 Metaspace       used 4983K, committed 5184K, reserved 1056768K
  class space    used 618K, committed 704K, reserved 1048576K
}
Event: 0.473 GC heap after
{Heap after GC invocations=2 (full 0):
 garbage-first heap   total 8192K, used 2014K [0x00000000c1e00000, 0x0000000100000000)
  region size 1024K, 1 young (1024K), 1 survivors (1024K)
 Metaspace       used 4983K, committed 5184K, reserved 1056768K
  class space    used 618K, committed 704K, reserved 1048576K
}
Event: 0.813 GC heap before
{Heap before GC invocations=2 (full 0):
 garbage-first heap   total 8192K, used 3038K [0x00000000c1e00000, 0x0000000100000000)
  region size 1024K, 2 young (2048K), 1 survivors (1024K)
 Metaspace       used 6513K, committed 6656K, reserved 1064960K
  class space    used 780K, committed 832K, reserved 1048576K
}
Event: 0.814 GC heap after
{Heap after GC invocations=3 (full 0):
 garbage-first heap   total 8192K, used 2309K [0x00000000c1e00000, 0x0000000100000000)
  region size 1024K, 1 young (1024K), 1 survivors (1024K)
 Metaspace       used 6513K, committed 6656K, reserved 1064960K
  class space    used 780K, committed 832K, reserved 1048576K
}
Event: 0.895 GC heap before
{Heap before GC invocations=3 (full 0):
 garbage-first heap   total 8192K, used 3333K [0x00000000c1e00000, 0x0000000100000000)
  region size 1024K, 2 young (2048K), 1 survivors (1024K)
 Metaspace       used 7625K, committed 7808K, reserved 1064960K
  class space    used 889K, committed 960K, reserved 1048576K
}
Event: 0.897 GC heap after
{Heap after GC invocations=4 (full 0):
 garbage-first heap   total 8192K, used 2732K [0x00000000c1e00000, 0x0000000100000000)
  region size 1024K, 1 young (1024K), 1 survivors (1024K)
 Metaspace       used 7625K, committed 7808K, reserved 1064960K
  class space    used 889K, committed 960K, reserved 1048576K
}
Event: 0.920 GC heap before
{Heap before GC invocations=4 (full 0):
 garbage-first heap   total 8192K, used 2732K [0x00000000c1e00000, 0x0000000100000000)
  region size 1024K, 2 young (2048K), 1 survivors (1024K)
 Metaspace       used 7741K, committed 7872K, reserved 1064960K
  class space    used 892K, committed 960K, reserved 1048576K
}
Event: 0.922 GC heap after
{Heap after GC invocations=5 (full 0):
 garbage-first heap   total 8192K, used 2910K [0x00000000c1e00000, 0x0000000100000000)
  region size 1024K, 1 young (1024K), 1 survivors (1024K)
 Metaspace       used 7741K, committed 7872K, reserved 1064960K
  class space    used 892K, committed 960K, reserved 1048576K
}
Event: 0.946 GC heap before
{Heap before GC invocations=5 (full 0):
 garbage-first heap   total 8192K, used 3934K [0x00000000c1e00000, 0x0000000100000000)
  region size 1024K, 2 young (2048K), 1 survivors (1024K)
 Metaspace       used 7846K, committed 8064K, reserved 1064960K
  class space    used 903K, committed 1024K, reserved 1048576K
}
Event: 0.948 GC heap after
{Heap after GC invocations=6 (full 0):
 garbage-first heap   total 8192K, used 3068K [0x00000000c1e00000, 0x0000000100000000)
  region size 1024K, 1 young (1024K), 1 survivors (1024K)
 Metaspace       used 7846K, committed 8064K, reserved 1064960K
  class space    used 903K, committed 1024K, reserved 1048576K
}
Event: 0.958 GC heap before
{Heap before GC invocations=6 (full 0):
 garbage-first heap   total 8192K, used 4092K [0x00000000c1e00000, 0x0000000100000000)
  region size 1024K, 2 young (2048K), 1 survivors (1024K)
 Metaspace       used 7877K, committed 8064K, reserved 1064960K
  class space    used 903K, committed 1024K, reserved 1048576K
}
Event: 0.959 GC heap after
{Heap after GC invocations=7 (full 0):
 garbage-first heap   total 13312K, used 3197K [0x00000000c1e00000, 0x0000000100000000)
  region size 1024K, 1 young (1024K), 1 survivors (1024K)
 Metaspace       used 7877K, committed 8064K, reserved 1064960K
  class space    used 903K, committed 1024K, reserved 1048576K
}
Event: 1.007 GC heap before
{Heap before GC invocations=7 (full 0):
 garbage-first heap   total 13312K, used 6269K [0x00000000c1e00000, 0x0000000100000000)
  region size 1024K, 4 young (4096K), 1 survivors (1024K)
 Metaspace       used 8139K, committed 8320K, reserved 1064960K
  class space    used 935K, committed 1024K, reserved 1048576K
}
Event: 1.010 GC heap after
{Heap after GC invocations=8 (full 0):
 garbage-first heap   total 13312K, used 3758K [0x00000000c1e00000, 0x0000000100000000)
  region size 1024K, 1 young (1024K), 1 survivors (1024K)
 Metaspace       used 8139K, committed 8320K, reserved 1064960K
  class space    used 935K, committed 1024K, reserved 1048576K
}
Event: 1.044 GC heap before
{Heap before GC invocations=8 (full 0):
 garbage-first heap   total 13312K, used 6830K [0x00000000c1e00000, 0x0000000100000000)
  region size 1024K, 4 young (4096K), 1 survivors (1024K)
 Metaspace       used 8305K, committed 8448K, reserved 1064960K
  class space    used 949K, committed 1024K, reserved 1048576K
}
Event: 1.047 GC heap after
{Heap after GC invocations=9 (full 0):
 garbage-first heap   total 13312K, used 4273K [0x00000000c1e00000, 0x0000000100000000)
  region size 1024K, 1 young (1024K), 1 survivors (1024K)
 Metaspace       used 8305K, committed 8448K, reserved 1064960K
  class space    used 949K, committed 1024K, reserved 1048576K
}
Event: 1.065 GC heap before
{Heap before GC invocations=9 (full 0):
 garbage-first heap   total 13312K, used 7345K [0x00000000c1e00000, 0x0000000100000000)
  region size 1024K, 4 young (4096K), 1 survivors (1024K)
 Metaspace       used 8376K, committed 8576K, reserved 1064960K
  class space    used 957K, committed 1024K, reserved 1048576K
}
Event: 1.067 GC heap after
{Heap after GC invocations=10 (full 0):
 garbage-first heap   total 13312K, used 4998K [0x00000000c1e00000, 0x0000000100000000)
  region size 1024K, 1 young (1024K), 1 survivors (1024K)
 Metaspace       used 8376K, committed 8576K, reserved 1064960K
  class space    used 957K, committed 1024K, reserved 1048576K
}
Event: 1.076 GC heap before
{Heap before GC invocations=10 (full 0):
 garbage-first heap   total 13312K, used 8070K [0x00000000c1e00000, 0x0000000100000000)
  region size 1024K, 4 young (4096K), 1 survivors (1024K)
 Metaspace       used 8405K, committed 8576K, reserved 1064960K
  class space    used 958K, committed 1024K, reserved 1048576K
}

Deoptimization events (20 events):
Event: 1.048 Thread 0x000002153724c8f0 DEOPT PACKING pc=0x000002153f193456 sp=0x000000daba1fd790
Event: 1.048 Thread 0x000002153724c8f0 DEOPT UNPACKING pc=0x000002153eb02b43 sp=0x000000daba1fcc18 mode 0
Event: 1.049 Thread 0x000002153724c8f0 DEOPT PACKING pc=0x000002153f193456 sp=0x000000daba1fd850
Event: 1.049 Thread 0x000002153724c8f0 DEOPT UNPACKING pc=0x000002153eb02b43 sp=0x000000daba1fccd8 mode 0
Event: 1.049 Thread 0x000002153724c8f0 DEOPT PACKING pc=0x000002153f193456 sp=0x000000daba1fd850
Event: 1.049 Thread 0x000002153724c8f0 DEOPT UNPACKING pc=0x000002153eb02b43 sp=0x000000daba1fccd8 mode 0
Event: 1.049 Thread 0x000002153724c8f0 DEOPT PACKING pc=0x000002153f193456 sp=0x000000daba1fd8f0
Event: 1.049 Thread 0x000002153724c8f0 DEOPT UNPACKING pc=0x000002153eb02b43 sp=0x000000daba1fcd78 mode 0
Event: 1.052 Thread 0x000002153724c8f0 DEOPT PACKING pc=0x000002153f193456 sp=0x000000daba1fdb80
Event: 1.052 Thread 0x000002153724c8f0 DEOPT UNPACKING pc=0x000002153eb02b43 sp=0x000000daba1fd008 mode 0
Event: 1.052 Thread 0x000002153724c8f0 DEOPT PACKING pc=0x000002153f193456 sp=0x000000daba1fdac0
Event: 1.052 Thread 0x000002153724c8f0 DEOPT UNPACKING pc=0x000002153eb02b43 sp=0x000000daba1fcf48 mode 0
Event: 1.059 Thread 0x000002153724c8f0 Uncommon trap: trap_request=0xffffff45 fr.pc=0x00000215465b2288 relative=0x0000000000000208
Event: 1.059 Thread 0x000002153724c8f0 Uncommon trap: reason=unstable_if action=reinterpret pc=0x00000215465b2288 method=com.sun.tools.javac.util.Name$Table.equals([BI[BII)Z @ 22 c2
Event: 1.059 Thread 0x000002153724c8f0 DEOPT PACKING pc=0x00000215465b2288 sp=0x000000daba1fdaf0
Event: 1.059 Thread 0x000002153724c8f0 DEOPT UNPACKING pc=0x000002153eb023a3 sp=0x000000daba1fda68 mode 2
Event: 1.063 Thread 0x000002153724c8f0 Uncommon trap: trap_request=0xffffffde fr.pc=0x00000215465c4a50 relative=0x0000000000000510
Event: 1.063 Thread 0x000002153724c8f0 Uncommon trap: reason=class_check action=maybe_recompile pc=0x00000215465c4a50 method=java.util.HashMap.getNode(Ljava/lang/Object;)Ljava/util/HashMap$Node; @ 128 c2
Event: 1.063 Thread 0x000002153724c8f0 DEOPT PACKING pc=0x00000215465c4a50 sp=0x000000daba1fe2f0
Event: 1.063 Thread 0x000002153724c8f0 DEOPT UNPACKING pc=0x000002153eb023a3 sp=0x000000daba1fe268 mode 2

Classes unloaded (0 events):
No events

Classes redefined (0 events):
No events

Internal exceptions (20 events):
Event: 1.050 Thread 0x000002153724c8f0 Exception <a 'sun/nio/fs/WindowsException'{0x00000000c293e928}> (0x00000000c293e928) 
thrown [t:\workspace\open\src\hotspot\share\prims\jni.cpp, line 516]
Event: 1.050 Thread 0x000002153724c8f0 Exception <a 'sun/nio/fs/WindowsException'{0x00000000c293f958}> (0x00000000c293f958) 
thrown [t:\workspace\open\src\hotspot\share\prims\jni.cpp, line 516]
Event: 1.050 Thread 0x000002153724c8f0 Exception <a 'sun/nio/fs/WindowsException'{0x00000000c293fc28}> (0x00000000c293fc28) 
thrown [t:\workspace\open\src\hotspot\share\prims\jni.cpp, line 516]
Event: 1.053 Thread 0x000002153724c8f0 Exception <a 'sun/nio/fs/WindowsException'{0x00000000c29a7918}> (0x00000000c29a7918) 
thrown [t:\workspace\open\src\hotspot\share\prims\jni.cpp, line 516]
Event: 1.053 Thread 0x000002153724c8f0 Exception <a 'sun/nio/fs/WindowsException'{0x00000000c29a7c48}> (0x00000000c29a7c48) 
thrown [t:\workspace\open\src\hotspot\share\prims\jni.cpp, line 516]
Event: 1.053 Thread 0x000002153724c8f0 Exception <a 'sun/nio/fs/WindowsException'{0x00000000c29a8ce0}> (0x00000000c29a8ce0) 
thrown [t:\workspace\open\src\hotspot\share\prims\jni.cpp, line 516]
Event: 1.053 Thread 0x000002153724c8f0 Exception <a 'sun/nio/fs/WindowsException'{0x00000000c29a8fd0}> (0x00000000c29a8fd0) 
thrown [t:\workspace\open\src\hotspot\share\prims\jni.cpp, line 516]
Event: 1.054 Thread 0x000002153724c8f0 Exception <a 'sun/nio/fs/WindowsException'{0x00000000c29cafe0}> (0x00000000c29cafe0) 
thrown [t:\workspace\open\src\hotspot\share\prims\jni.cpp, line 516]
Event: 1.054 Thread 0x000002153724c8f0 Exception <a 'sun/nio/fs/WindowsException'{0x00000000c29cb338}> (0x00000000c29cb338) 
thrown [t:\workspace\open\src\hotspot\share\prims\jni.cpp, line 516]
Event: 1.054 Thread 0x000002153724c8f0 Exception <a 'sun/nio/fs/WindowsException'{0x00000000c29cc438}> (0x00000000c29cc438) 
thrown [t:\workspace\open\src\hotspot\share\prims\jni.cpp, line 516]
Event: 1.054 Thread 0x000002153724c8f0 Exception <a 'sun/nio/fs/WindowsException'{0x00000000c29cc758}> (0x00000000c29cc758) 
thrown [t:\workspace\open\src\hotspot\share\prims\jni.cpp, line 516]
Event: 1.055 Thread 0x000002153724c8f0 Exception <a 'java/lang/NoSuchMethodError'{0x00000000c29d0680}: 'java.lang.Object java.lang.invoke.DirectMethodHandle$Holder.invokeVirtual(java.lang.Object, java.lang.Object, int)'> (0x00000000c29d0680) 
thrown [t:\workspace\open\src\hotspot\share\interpreter\linkResolver.cpp, line 766]
Event: 1.061 Thread 0x000002153724c8f0 Exception <a 'sun/nio/fs/WindowsException'{0x00000000c2897c40}> (0x00000000c2897c40) 
thrown [t:\workspace\open\src\hotspot\share\prims\jni.cpp, line 516]
Event: 1.061 Thread 0x000002153724c8f0 Exception <a 'sun/nio/fs/WindowsException'{0x00000000c2897f98}> (0x00000000c2897f98) 
thrown [t:\workspace\open\src\hotspot\share\prims\jni.cpp, line 516]
Event: 1.061 Thread 0x000002153724c8f0 Exception <a 'sun/nio/fs/WindowsException'{0x00000000c2899098}> (0x00000000c2899098) 
thrown [t:\workspace\open\src\hotspot\share\prims\jni.cpp, line 516]
Event: 1.061 Thread 0x000002153724c8f0 Exception <a 'sun/nio/fs/WindowsException'{0x00000000c28993b8}> (0x00000000c28993b8) 
thrown [t:\workspace\open\src\hotspot\share\prims\jni.cpp, line 516]
Event: 1.073 Thread 0x000002153724c8f0 Exception <a 'sun/nio/fs/WindowsException'{0x00000000c28d7fb8}> (0x00000000c28d7fb8) 
thrown [t:\workspace\open\src\hotspot\share\prims\jni.cpp, line 516]
Event: 1.073 Thread 0x000002153724c8f0 Exception <a 'sun/nio/fs/WindowsException'{0x00000000c28d82e8}> (0x00000000c28d82e8) 
thrown [t:\workspace\open\src\hotspot\share\prims\jni.cpp, line 516]
Event: 1.073 Thread 0x000002153724c8f0 Exception <a 'sun/nio/fs/WindowsException'{0x00000000c28d9380}> (0x00000000c28d9380) 
thrown [t:\workspace\open\src\hotspot\share\prims\jni.cpp, line 516]
Event: 1.073 Thread 0x000002153724c8f0 Exception <a 'sun/nio/fs/WindowsException'{0x00000000c28d9670}> (0x00000000c28d9670) 
thrown [t:\workspace\open\src\hotspot\share\prims\jni.cpp, line 516]

VM Operations (20 events):
Event: 0.794 Executing VM operation: HandshakeAllThreads done
Event: 0.813 Executing VM operation: G1CollectForAllocation
Event: 0.814 Executing VM operation: G1CollectForAllocation done
Event: 0.895 Executing VM operation: G1CollectForAllocation
Event: 0.897 Executing VM operation: G1CollectForAllocation done
Event: 0.920 Executing VM operation: G1CollectForAllocation
Event: 0.922 Executing VM operation: G1CollectForAllocation done
Event: 0.934 Executing VM operation: HandshakeAllThreads
Event: 0.934 Executing VM operation: HandshakeAllThreads done
Event: 0.946 Executing VM operation: G1CollectForAllocation
Event: 0.948 Executing VM operation: G1CollectForAllocation done
Event: 0.958 Executing VM operation: G1CollectForAllocation
Event: 0.959 Executing VM operation: G1CollectForAllocation done
Event: 1.007 Executing VM operation: G1CollectForAllocation
Event: 1.010 Executing VM operation: G1CollectForAllocation done
Event: 1.044 Executing VM operation: G1CollectForAllocation
Event: 1.047 Executing VM operation: G1CollectForAllocation done
Event: 1.065 Executing VM operation: G1CollectForAllocation
Event: 1.067 Executing VM operation: G1CollectForAllocation done
Event: 1.076 Executing VM operation: G1CollectForAllocation

Events (20 events):
Event: 0.975 loading class sun/nio/fs/WindowsPath$WindowsPathWithAttributes
Event: 0.975 loading class sun/nio/fs/BasicFileAttributesHolder
Event: 0.975 loading class sun/nio/fs/BasicFileAttributesHolder done
Event: 0.976 loading class sun/nio/fs/WindowsPath$WindowsPathWithAttributes done
Event: 0.991 loading class jdk/internal/jrtfs/JrtDirectoryStream
Event: 0.992 loading class jdk/internal/jrtfs/JrtDirectoryStream done
Event: 0.994 loading class java/util/stream/StreamSpliterators$WrappingSpliterator
Event: 0.994 loading class java/util/stream/StreamSpliterators$AbstractWrappingSpliterator
Event: 0.995 loading class java/util/stream/StreamSpliterators$AbstractWrappingSpliterator done
Event: 0.995 loading class java/util/stream/StreamSpliterators$WrappingSpliterator done
Event: 0.995 loading class jdk/internal/jrtfs/JrtDirectoryStream$1
Event: 0.995 loading class jdk/internal/jrtfs/JrtDirectoryStream$1 done
Event: 0.995 loading class java/util/stream/StreamSpliterators
Event: 0.996 loading class java/util/stream/StreamSpliterators done
Event: 0.996 loading class java/util/function/BooleanSupplier
Event: 0.996 loading class java/util/function/BooleanSupplier done
Event: 0.996 loading class jdk/internal/jrtfs/JrtFileAttributes
Event: 0.997 loading class jdk/internal/jrtfs/JrtFileAttributes done
Event: 1.028 loading class java/util/BitSet
Event: 1.029 loading class java/util/BitSet done


Dynamic libraries:
0x00007ff7b7e30000 - 0x00007ff7b7e38000 	C:\Program Files\Java\jdk-17.0.2\bin\javac.exe
0x00007ffe1cd30000 - 0x00007ffe1cf25000 	C:\WINDOWS\SYSTEM32\ntdll.dll
0x00007ffe1b8c0000 - 0x00007ffe1b97d000 	C:\WINDOWS\System32\KERNEL32.DLL
0x00007ffe1a650000 - 0x00007ffe1a91d000 	C:\WINDOWS\System32\KERNELBASE.dll
0x00007ffe1a550000 - 0x00007ffe1a650000 	C:\WINDOWS\System32\ucrtbase.dll
0x00007ffe152f0000 - 0x00007ffe15308000 	C:\Program Files\Java\jdk-17.0.2\bin\jli.dll
0x00007ffe13b40000 - 0x00007ffe13b5a000 	C:\Program Files\Java\jdk-17.0.2\bin\VCRUNTIME140.dll
0x00007ffe1c1c0000 - 0x00007ffe1c26e000 	C:\WINDOWS\System32\ADVAPI32.dll
0x00007ffe1c270000 - 0x00007ffe1c30e000 	C:\WINDOWS\System32\msvcrt.dll
0x00007ffe1ad90000 - 0x00007ffe1ae2c000 	C:\WINDOWS\System32\sechost.dll
0x00007ffe1cbc0000 - 0x00007ffe1cce5000 	C:\WINDOWS\System32\RPCRT4.dll
0x00007ffe1b9e0000 - 0x00007ffe1bb80000 	C:\WINDOWS\System32\USER32.dll
0x00007ffe01990000 - 0x00007ffe01c2a000 	C:\WINDOWS\WinSxS\amd64_microsoft.windows.common-controls_6595b64144ccf1df_6.0.19041.1110_none_60b5254171f9507e\COMCTL32.dll
0x00007ffe1a9d0000 - 0x00007ffe1a9f2000 	C:\WINDOWS\System32\win32u.dll
0x00007ffe1b040000 - 0x00007ffe1b06a000 	C:\WINDOWS\System32\GDI32.dll
0x00007ffe1aa00000 - 0x00007ffe1ab0b000 	C:\WINDOWS\System32\gdi32full.dll
0x00007ffe1a440000 - 0x00007ffe1a4dd000 	C:\WINDOWS\System32\msvcp_win.dll
0x00007ffe14f40000 - 0x00007ffe14f4a000 	C:\WINDOWS\SYSTEM32\VERSION.dll
0x00007ffe1bb80000 - 0x00007ffe1bbb0000 	C:\WINDOWS\System32\IMM32.DLL
0x00007ffe13b30000 - 0x00007ffe13b3c000 	C:\Program Files\Java\jdk-17.0.2\bin\vcruntime140_1.dll
0x00007ffdfbcf0000 - 0x00007ffdfbd7d000 	C:\Program Files\Java\jdk-17.0.2\bin\msvcp140.dll
0x00007ffdca700000 - 0x00007ffdcb2c1000 	C:\Program Files\Java\jdk-17.0.2\bin\server\jvm.dll
0x00007ffe1ae30000 - 0x00007ffe1ae38000 	C:\WINDOWS\System32\PSAPI.DLL
0x00007ffe15930000 - 0x00007ffe15957000 	C:\WINDOWS\SYSTEM32\WINMM.dll
0x00007ffe14810000 - 0x00007ffe14819000 	C:\WINDOWS\SYSTEM32\WSOCK32.dll
0x00007ffe1bcd0000 - 0x00007ffe1bd3b000 	C:\WINDOWS\System32\ws2_32.DLL
0x00007ffe18d20000 - 0x00007ffe18d32000 	C:\WINDOWS\SYSTEM32\kernel.appcore.dll
0x00007ffe0d7d0000 - 0x00007ffe0d7da000 	C:\Program Files\Java\jdk-17.0.2\bin\jimage.dll
0x00007ffe189f0000 - 0x00007ffe18bd4000 	C:\WINDOWS\SYSTEM32\DBGHELP.DLL
0x00007ffe15850000 - 0x00007ffe1587c000 	C:\WINDOWS\SYSTEM32\dbgcore.DLL
0x00007ffe1ab60000 - 0x00007ffe1abe2000 	C:\WINDOWS\System32\bcryptPrimitives.dll
0x00007ffdff340000 - 0x00007ffdff365000 	C:\Program Files\Java\jdk-17.0.2\bin\java.dll
0x00007ffde1ce0000 - 0x00007ffde1db6000 	C:\Program Files\Java\jdk-17.0.2\bin\jsvml.dll
0x00007ffe1c470000 - 0x00007ffe1cbb4000 	C:\WINDOWS\System32\SHELL32.dll
0x00007ffe18250000 - 0x00007ffe189e4000 	C:\WINDOWS\SYSTEM32\windows.storage.dll
0x00007ffe1be00000 - 0x00007ffe1c154000 	C:\WINDOWS\System32\combase.dll
0x00007ffe19ea0000 - 0x00007ffe19ecc000 	C:\WINDOWS\SYSTEM32\Wldp.dll
0x00007ffe1c3c0000 - 0x00007ffe1c46d000 	C:\WINDOWS\System32\SHCORE.dll
0x00007ffe1b980000 - 0x00007ffe1b9d5000 	C:\WINDOWS\System32\shlwapi.dll
0x00007ffe1a380000 - 0x00007ffe1a39f000 	C:\WINDOWS\SYSTEM32\profapi.dll
0x00007ffe002a0000 - 0x00007ffe002b9000 	C:\Program Files\Java\jdk-17.0.2\bin\net.dll
0x00007ffe0edc0000 - 0x00007ffe0eeca000 	C:\WINDOWS\SYSTEM32\WINHTTP.dll
0x00007ffe19c00000 - 0x00007ffe19c6a000 	C:\WINDOWS\system32\mswsock.dll
0x00007ffdff010000 - 0x00007ffdff026000 	C:\Program Files\Java\jdk-17.0.2\bin\nio.dll

dbghelp: loaded successfully - version: 4.0.5 - missing functions: none
symbol engine: initialized successfully - sym options: 0x614 - pdb path: .;C:\Program Files\Java\jdk-17.0.2\bin;C:\WINDOWS\SYSTEM32;C:\WINDOWS\WinSxS\amd64_microsoft.windows.common-controls_6595b64144ccf1df_6.0.19041.1110_none_60b5254171f9507e;C:\Program Files\Java\jdk-17.0.2\bin\server

VM Arguments:
jvm_args: -Dapplication.home=C:\Program Files\Java\jdk-17.0.2 --add-modules=ALL-DEFAULT -Xms8m -Djdk.module.main=jdk.compiler 
java_command: jdk.compiler/com.sun.tools.javac.Main -d C:\Users\DELL\OneDrive\Desktop\JavaProject2022\QuanLyThuVien\build\classes -classpath C:\Users\DELL\OneDrive\Desktop\JavaProject2022\QuanLyThuVien\build\classes -sourcepath C:\Users\DELL\OneDrive\Desktop\JavaProject2022\QuanLyThuVien\src -target 1.8 -encoding UTF-8 -g -processorpath C:\Users\DELL\OneDrive\Desktop\JavaProject2022\QuanLyThuVien\build\empty -s C:\Users\DELL\OneDrive\Desktop\JavaProject2022\QuanLyThuVien\build\generated-sources\ap-source-output -source 1.8 C:\Users\DELL\OneDrive\Desktop\JavaProject2022\QuanLyThuVien\src\Form\QuanLyPhieu.java
java_class_path (initial): <not set>
Launcher Type: SUN_STANDARD

[Global flags]
     intx CICompilerCount                          = 4                                         {product} {ergonomic}
     uint ConcGCThreads                            = 2                                         {product} {ergonomic}
     uint G1ConcRefinementThreads                  = 8                                         {product} {ergonomic}
   size_t G1HeapRegionSize                         = 1048576                                   {product} {ergonomic}
    uintx GCDrainStackTargetSize                   = 64                                        {product} {ergonomic}
   size_t InitialHeapSize                          = 8388608                                   {product} {command line}
   size_t MarkStackSize                            = 4194304                                   {product} {ergonomic}
   size_t MaxHeapSize                              = 1042284544                                {product} {ergonomic}
   size_t MaxNewSize                               = 624951296                                 {product} {ergonomic}
   size_t MinHeapDeltaBytes                        = 1048576                                   {product} {ergonomic}
   size_t MinHeapSize                              = 8388608                                   {product} {command line}
    uintx NonNMethodCodeHeapSize                   = 5839372                                {pd product} {ergonomic}
    uintx NonProfiledCodeHeapSize                  = 122909434                              {pd product} {ergonomic}
    uintx ProfiledCodeHeapSize                     = 122909434                              {pd product} {ergonomic}
    uintx ReservedCodeCacheSize                    = 251658240                              {pd product} {ergonomic}
     bool SegmentedCodeCache                       = true                                      {product} {ergonomic}
   size_t SoftMaxHeapSize                          = 1042284544                             {manageable} {ergonomic}
     bool UseCompressedClassPointers               = true                           {product lp64_product} {ergonomic}
     bool UseCompressedOops                        = true                           {product lp64_product} {ergonomic}
     bool UseG1GC                                  = true                                      {product} {ergonomic}
     bool UseLargePagesIndividualAllocation        = false                                  {pd product} {ergonomic}

Logging:
Log output configuration:
 #0: stdout all=warning uptime,level,tags
 #1: stderr all=off uptime,level,tags

Environment Variables:
PATH=C:\Program Files\Common Files\Oracle\Java\javapath;C:\WINDOWS\system32;C:\WINDOWS;C:\WINDOWS\System32\Wbem;C:\WINDOWS\System32\WindowsPowerShell\v1.0\;C:\WINDOWS\System32\OpenSSH\;C:\Program Files\Microsoft SQL Server\Client SDK\ODBC\170\Tools\Binn\;C:\Program Files (x86)\Microsoft SQL Server\150\Tools\Binn\;C:\Program Files\Microsoft SQL Server\150\Tools\Binn\;C:\Program Files\Microsoft SQL Server\150\DTS\Binn\;C:\Program Files (x86)\Microsoft SQL Server\150\DTS\Binn\;C:\Program Files\Azure Data Studio\bin;C:\Program Files (x86)\Rational\common;C:\Program Files\nodejs\;C:\Program Files\Git\cmd;C:\Program Files\dotnet\;C:\Program Files\Microsoft SQL Server\130\Tools\Binn\;C:\Program Files\Java\jdk1.8.0_162\bin.;C:\Users\DELL\AppData\Local\Programs\Microsoft VS Code\bin
USERNAME=DELL
OS=Windows_NT
PROCESSOR_IDENTIFIER=Intel64 Family 6 Model 142 Stepping 12, GenuineIntel



---------------  S Y S T E M  ---------------

OS:
 Windows 10 , 64 bit Build 19041 (10.0.19041.1706)
OS uptime: 24 days 19:18 hours

CPU: total 8 (initial active 8) (4 cores per cpu, 2 threads per core) family 6 model 142 stepping 12 microcode 0xc6, cx8, cmov, fxsr, ht, mmx, 3dnowpref, sse, sse2, sse3, ssse3, sse4.1, sse4.2, popcnt, lzcnt, tsc, tscinvbit, avx, avx2, aes, erms, clmul, bmi1, bmi2, adx, fma, vzeroupper, clflush, clflushopt

Memory: 4k page, system-wide physical 3968M (225M free)
TotalPageFile size 16256M (AvailPageFile size 12M)
current process WorkingSet (physical memory assigned to process): 68M, peak: 68M
current process commit charge ("private bytes"): 108M, peak: 119M

vm_info: Java HotSpot(TM) 64-Bit Server VM (17.0.2+8-LTS-86) for windows-amd64 JRE (17.0.2+8-LTS-86), built on Dec  7 2021 21:51:03 by "mach5one" with MS VC++ 16.8 / 16.9 (VS2019)

END.
